<?xml version="1.0" encoding="UTF-8"?>
<testsuite xmlns:xsi="http://www.w3.org/2001/XMLSchema-instance" xsi:noNamespaceSchemaLocation="https://maven.apache.org/surefire/maven-surefire-plugin/xsd/surefire-test-report-3.0.xsd" version="3.0" name="com.app.warehouse.WarehouseApplicationTests" time="4.556" tests="1" errors="0" skipped="0" failures="0">
  <properties>
[...]
</properties>
  <testcase name="contextLoads" classname="com.app.warehouse.WarehouseApplicationTests" time="0.188">
    <system-out><![CDATA[21:54:28.977 [main] DEBUG org.springframework.test.context.BootstrapUtils - Instantiating CacheAwareContextLoaderDelegate from class [org.springframework.test.context.cache.DefaultCacheAwareContextLoaderDelegate]
21:54:28.992 [main] DEBUG org.springframework.test.context.BootstrapUtils - Instantiating BootstrapContext using constructor [public org.springframework.test.context.support.DefaultBootstrapContext(java.lang.Class,org.springframework.test.context.CacheAwareContextLoaderDelegate)]
21:54:29.012 [main] DEBUG org.springframework.test.context.BootstrapUtils - Instantiating TestContextBootstrapper for test class [com.app.warehouse.WarehouseApplicationTests] from class [org.springframework.boot.test.context.SpringBootTestContextBootstrapper]
21:54:29.019 [main] INFO org.springframework.boot.test.context.SpringBootTestContextBootstrapper - Neither @ContextConfiguration nor @ContextHierarchy found for test class [com.app.warehouse.WarehouseApplicationTests], using SpringBootContextLoader
21:54:29.021 [main] DEBUG org.springframework.test.context.support.AbstractContextLoader - Did not detect default resource location for test class [com.app.warehouse.WarehouseApplicationTests]: class path resource [com/app/warehouse/WarehouseApplicationTests-context.xml] does not exist
21:54:29.023 [main] DEBUG org.springframework.test.context.support.AbstractContextLoader - Did not detect default resource location for test class [com.app.warehouse.WarehouseApplicationTests]: class path resource [com/app/warehouse/WarehouseApplicationTestsContext.groovy] does not exist
21:54:29.023 [main] INFO org.springframework.test.context.support.AbstractContextLoader - Could not detect default resource locations for test class [com.app.warehouse.WarehouseApplicationTests]: no resource found for suffixes {-context.xml, Context.groovy}.
21:54:29.023 [main] INFO org.springframework.test.context.support.AnnotationConfigContextLoaderUtils - Could not detect default configuration classes for test class [com.app.warehouse.WarehouseApplicationTests]: WarehouseApplicationTests does not declare any static, non-private, non-final, nested classes annotated with @Configuration.
21:54:29.048 [main] DEBUG org.springframework.test.context.support.ActiveProfilesUtils - Could not find an 'annotation declaring class' for annotation type [org.springframework.test.context.ActiveProfiles] and class [com.app.warehouse.WarehouseApplicationTests]
21:54:29.094 [main] DEBUG org.springframework.context.annotation.ClassPathScanningCandidateComponentProvider - Identified candidate component class: file [D:\GitHub\Warehouse_Management_System\target\classes\com\app\warehouse\WarehouseApplication.class]
21:54:29.096 [main] INFO org.springframework.boot.test.context.SpringBootTestContextBootstrapper - Found @SpringBootConfiguration com.app.warehouse.WarehouseApplication for test class com.app.warehouse.WarehouseApplicationTests
21:54:29.161 [main] DEBUG org.springframework.boot.test.context.SpringBootTestContextBootstrapper - @TestExecutionListeners is not present for class [com.app.warehouse.WarehouseApplicationTests]: using defaults.
21:54:29.162 [main] INFO org.springframework.boot.test.context.SpringBootTestContextBootstrapper - Loaded default TestExecutionListener class names from location [META-INF/spring.factories]: [org.springframework.boot.test.mock.mockito.MockitoTestExecutionListener, org.springframework.boot.test.mock.mockito.ResetMocksTestExecutionListener, org.springframework.boot.test.autoconfigure.restdocs.RestDocsTestExecutionListener, org.springframework.boot.test.autoconfigure.web.client.MockRestServiceServerResetTestExecutionListener, org.springframework.boot.test.autoconfigure.web.servlet.MockMvcPrintOnlyOnFailureTestExecutionListener, org.springframework.boot.test.autoconfigure.web.servlet.WebDriverTestExecutionListener, org.springframework.boot.test.autoconfigure.webservices.client.MockWebServiceServerTestExecutionListener, org.springframework.test.context.web.ServletTestExecutionListener, org.springframework.test.context.support.DirtiesContextBeforeModesTestExecutionListener, org.springframework.test.context.event.ApplicationEventsTestExecutionListener, org.springframework.test.context.support.DependencyInjectionTestExecutionListener, org.springframework.test.context.support.DirtiesContextTestExecutionListener, org.springframework.test.context.transaction.TransactionalTestExecutionListener, org.springframework.test.context.jdbc.SqlScriptsTestExecutionListener, org.springframework.test.context.event.EventPublishingTestExecutionListener]
21:54:29.179 [main] INFO org.springframework.boot.test.context.SpringBootTestContextBootstrapper - Using TestExecutionListeners: [org.springframework.test.context.web.ServletTestExecutionListener@11d2e23, org.springframework.test.context.support.DirtiesContextBeforeModesTestExecutionListener@16dbea0, org.springframework.test.context.event.ApplicationEventsTestExecutionListener@1c81abf, org.springframework.boot.test.mock.mockito.MockitoTestExecutionListener@16a6d9b, org.springframework.boot.test.autoconfigure.SpringBootDependencyInjectionTestExecutionListener@1d03963, org.springframework.test.context.support.DirtiesContextTestExecutionListener@1760b47, org.springframework.test.context.transaction.TransactionalTestExecutionListener@ece7f4, org.springframework.test.context.jdbc.SqlScriptsTestExecutionListener@ce57c7, org.springframework.test.context.event.EventPublishingTestExecutionListener@f56a1c, org.springframework.boot.test.mock.mockito.ResetMocksTestExecutionListener@1f676f6, org.springframework.boot.test.autoconfigure.restdocs.RestDocsTestExecutionListener@5ae43b, org.springframework.boot.test.autoconfigure.web.client.MockRestServiceServerResetTestExecutionListener@64f218, org.springframework.boot.test.autoconfigure.web.servlet.MockMvcPrintOnlyOnFailureTestExecutionListener@176ddc2, org.springframework.boot.test.autoconfigure.web.servlet.WebDriverTestExecutionListener@1b74c5c, org.springframework.boot.test.autoconfigure.webservices.client.MockWebServiceServerTestExecutionListener@570ded]
21:54:29.182 [main] DEBUG org.springframework.test.context.support.AbstractDirtiesContextTestExecutionListener - Before test class: context [DefaultTestContext@1d9cbf5 testClass = WarehouseApplicationTests, testInstance = [null], testMethod = [null], testException = [null], mergedContextConfiguration = [WebMergedContextConfiguration@18db956 testClass = WarehouseApplicationTests, locations = '{}', classes = '{class com.app.warehouse.WarehouseApplication}', contextInitializerClasses = '[]', activeProfiles = '{}', propertySourceLocations = '{}', propertySourceProperties = '{org.springframework.boot.test.context.SpringBootTestContextBootstrapper=true}', contextCustomizers = set[org.springframework.boot.test.context.filter.ExcludeFilterContextCustomizer@1be4146, org.springframework.boot.test.json.DuplicateJsonObjectContextCustomizerFactory$DuplicateJsonObjectContextCustomizer@130ad9c, org.springframework.boot.test.mock.mockito.MockitoContextCustomizer@0, org.springframework.boot.test.web.client.TestRestTemplateContextCustomizer@17277dc, org.springframework.boot.test.autoconfigure.actuate.metrics.MetricsExportContextCustomizerFactory$DisableMetricExportContextCustomizer@1271612, org.springframework.boot.test.autoconfigure.properties.PropertyMappingContextCustomizer@0, org.springframework.boot.test.autoconfigure.web.servlet.WebDriverContextCustomizerFactory$Customizer@98ac89, org.springframework.boot.test.context.SpringBootTestArgs@1, org.springframework.boot.test.context.SpringBootTestWebEnvironment@77ab81], resourceBasePath = 'src/main/webapp', contextLoader = 'org.springframework.boot.test.context.SpringBootContextLoader', parent = [null]], attributes = map['org.springframework.test.context.web.ServletTestExecutionListener.activateListener' -> true]], class annotated with @DirtiesContext [false] with mode [null].

  .   ____          _            __ _ _
 /\\ / ___'_ __ _ _(_)_ __  __ _ \ \ \ \
( ( )\___ | '_ | '_| | '_ \/ _` | \ \ \ \
 \\/  ___)| |_)| | | | | || (_| |  ) ) ) )
  '  |____| .__|_| |_|_| |_\__, | / / / /
 =========|_|==============|___/=/_/_/_/
 :: Spring Boot ::               (v2.6.13)

2024-10-13 21:54:29.445  INFO 25372 --- [           main] c.a.warehouse.WarehouseApplicationTests  : Starting WarehouseApplicationTests using Java 1.8.0_361 on LAPTOP-OJO538P6 with PID 25372 (started by 爱吃甜筒 in D:\GitHub\Warehouse_Management_System)
2024-10-13 21:54:29.446  INFO 25372 --- [           main] c.a.warehouse.WarehouseApplicationTests  : No active profile set, falling back to 1 default profile: "default"
2024-10-13 21:54:30.225  INFO 25372 --- [           main] .s.d.r.c.RepositoryConfigurationDelegate : Multiple Spring Data modules found, entering strict repository configuration mode
2024-10-13 21:54:30.227  INFO 25372 --- [           main] .s.d.r.c.RepositoryConfigurationDelegate : Bootstrapping Spring Data Redis repositories in DEFAULT mode.
2024-10-13 21:54:30.249  INFO 25372 --- [           main] .s.d.r.c.RepositoryConfigurationDelegate : Finished Spring Data repository scanning in 12 ms. Found 0 Redis repository interfaces.
2024-10-13 21:54:31.264  INFO 25372 --- [           main] c.a.d.s.b.a.DruidDataSourceAutoConfigure : Init DruidDataSource
2024-10-13 21:54:31.366  INFO 25372 --- [           main] com.alibaba.druid.pool.DruidDataSource   : {dataSource-1} inited
Logging initialized using 'class org.apache.ibatis.logging.stdout.StdOutImpl' adapter.
Initialization Sequence datacenterId:27 workerId:6
 _ _   |_  _ _|_. ___ _ |    _ 
| | |\/|_)(_| | |_\  |_)||_|_\ 
     /               |         
                        3.5.4 
2024-10-13 21:54:32.470  INFO 25372 --- [           main] o.s.s.web.DefaultSecurityFilterChain     : Will secure any request with [org.springframework.security.web.context.request.async.WebAsyncManagerIntegrationFilter@18d6d30, org.springframework.security.web.context.SecurityContextPersistenceFilter@865072, org.springframework.security.web.header.HeaderWriterFilter@1b7c97f, org.springframework.web.filter.CorsFilter@65fcd, org.springframework.security.web.authentication.logout.LogoutFilter@6bd263, com.app.warehouse.filter.JwtAuthenticationFilter@7aa4f, org.springframework.security.web.savedrequest.RequestCacheAwareFilter@15d3a5c, org.springframework.security.web.servletapi.SecurityContextHolderAwareRequestFilter@601047, org.springframework.security.web.authentication.AnonymousAuthenticationFilter@1ed2f68, org.springframework.security.web.session.SessionManagementFilter@928a61, org.springframework.security.web.access.ExceptionTranslationFilter@155617b, org.springframework.security.web.access.intercept.FilterSecurityInterceptor@1d289c7]
2024-10-13 21:54:33.230  INFO 25372 --- [           main] o.s.b.a.e.web.EndpointLinksResolver      : Exposing 1 endpoint(s) beneath base path '/actuator'
2024-10-13 21:54:33.289  INFO 25372 --- [           main] c.a.warehouse.WarehouseApplicationTests  : Started WarehouseApplicationTests in 4.075 seconds (JVM running for 4.789)
]]></system-out>
    <system-err><![CDATA[SLF4J: Class path contains multiple SLF4J bindings.
SLF4J: Found binding in [jar:file:/D:/apache-maven-3.6.1/repository/ch/qos/logback/logback-classic/1.2.11/logback-classic-1.2.11.jar!/org/slf4j/impl/StaticLoggerBinder.class]
SLF4J: Found binding in [jar:file:/D:/apache-maven-3.6.1/repository/org/apache/logging/log4j/log4j-slf4j-impl/2.17.2/log4j-slf4j-impl-2.17.2.jar!/org/slf4j/impl/StaticLoggerBinder.class]
SLF4J: See http://www.slf4j.org/codes.html#multiple_bindings for an explanation.
SLF4J: Actual binding is of type [ch.qos.logback.classic.util.ContextSelectorStaticBinder]
]]></system-err>
  </testcase>
</testsuite>